<?xml version="1.0" encoding="UTF-8" ?>
<testsuite tests="8" failures="0" name="implementations.QueueTest" time="0.015" errors="0" skipped="0">
  <properties>
    <property name="jansi.mode" value="strip"/>
    <property name="java.runtime.name" value="OpenJDK Runtime Environment"/>
    <property name="java.vm.version" value="13.0.8+5-MTS"/>
    <property name="sun.boot.library.path" value="/usr/lib/jvm/zulu13-ca-amd64/lib"/>
    <property name="jdk.vendor.version" value="Zulu13.42+17-CA"/>
    <property name="maven.multiModuleProjectDirectory" value="/home/dimitar/Documents/Programming/SoftUni/6.DataStructures/2021DataStructuresFundamentalsWithJava/Exercises/Exercise02LinearDS/03. Linear-Data-Structures-Exercises-Skeleton"/>
    <property name="java.vm.vendor" value="Azul Systems, Inc."/>
    <property name="java.vendor.url" value="http://www.azul.com/"/>
    <property name="guice.disable.misplaced.annotation.check" value="true"/>
    <property name="path.separator" value=":"/>
    <property name="java.vm.name" value="OpenJDK 64-Bit Server VM"/>
    <property name="user.country" value="US"/>
    <property name="sun.java.launcher" value="SUN_STANDARD"/>
    <property name="java.vm.specification.name" value="Java Virtual Machine Specification"/>
    <property name="user.dir" value="/home/dimitar/Documents/Programming/SoftUni/6.DataStructures/2021DataStructuresFundamentalsWithJava/Exercises/Exercise02LinearDS/03. Linear-Data-Structures-Exercises-Skeleton"/>
    <property name="java.vm.compressedOopsMode" value="32-bit"/>
    <property name="java.runtime.version" value="13.0.8+5-MTS"/>
    <property name="os.arch" value="amd64"/>
    <property name="java.io.tmpdir" value="/tmp"/>
    <property name="line.separator" value="
"/>
    <property name="java.vm.specification.vendor" value="Oracle Corporation"/>
    <property name="os.name" value="Linux"/>
    <property name="classworlds.conf" value="/home/dimitar/eclipse-workspace/.metadata/.plugins/org.eclipse.m2e.launching/launches/m2conf8457106174650281802.tmp"/>
    <property name="sun.jnu.encoding" value="UTF-8"/>
    <property name="java.library.path" value="/usr/java/packages/lib:/usr/lib64:/lib64:/lib:/usr/lib"/>
    <property name="jdk.debug" value="release"/>
    <property name="java.class.version" value="57.0"/>
    <property name="java.specification.name" value="Java Platform API Specification"/>
    <property name="sun.management.compiler" value="HotSpot 64-Bit Tiered Compilers"/>
    <property name="os.version" value="4.15.0-153-generic"/>
    <property name="user.home" value="/home/dimitar"/>
    <property name="user.timezone" value="Europe/Sofia"/>
    <property name="file.encoding" value="UTF-8"/>
    <property name="java.specification.version" value="13"/>
    <property name="user.name" value="dimitar"/>
    <property name="java.class.path" value="/home/dimitar/soft/eclipse/plugins/org.eclipse.m2e.maven.runtime_1.18.3.20220227-1319/jars/plexus-classworlds-2.6.0.jar"/>
    <property name="java.vm.specification.version" value="13"/>
    <property name="sun.arch.data.model" value="64"/>
    <property name="sun.java.command" value="org.codehaus.plexus.classworlds.launcher.Launcher -B install"/>
    <property name="java.home" value="/usr/lib/jvm/zulu13-ca-amd64"/>
    <property name="user.language" value="en"/>
    <property name="java.specification.vendor" value="Oracle Corporation"/>
    <property name="java.vm.info" value="mixed mode, sharing"/>
    <property name="java.version" value="13.0.8"/>
    <property name="java.vendor" value="Azul Systems, Inc."/>
    <property name="maven.home" value="/home/dimitar/Documents/Programming/SoftUni/6.DataStructures/2021DataStructuresFundamentalsWithJava/Exercises/Exercise02LinearDS/03. Linear-Data-Structures-Exercises-Skeleton/EMBEDDED"/>
    <property name="file.separator" value="/"/>
    <property name="java.version.date" value="2021-07-20"/>
    <property name="java.vendor.url.bug" value="http://www.azul.com/support/"/>
    <property name="sun.io.unicode.encoding" value="UnicodeLittle"/>
    <property name="sun.cpu.endian" value="little"/>
    <property name="java.vendor.version" value="Zulu13.42+17-CA"/>
  </properties>
  <testcase classname="implementations.QueueTest" name="testPeekShouldThrowWhenEmpty" time="0.013"/>
  <testcase classname="implementations.QueueTest" name="testSize" time="0"/>
  <testcase classname="implementations.QueueTest" name="testOfferShouldAddAtTheEnd" time="0"/>
  <testcase classname="implementations.QueueTest" name="testPopShouldThrowWhenEmpty" time="0"/>
  <testcase classname="implementations.QueueTest" name="testPeekShouldReturnAndNotRemove" time="0.001"/>
  <testcase classname="implementations.QueueTest" name="testIteratorShouldTraversItemsFromBeginToEnd" time="0.001"/>
  <testcase classname="implementations.QueueTest" name="testPopShouldRemoveAndReturnTopElement" time="0"/>
  <testcase classname="implementations.QueueTest" name="testIsEmpty" time="0"/>
</testsuite>